<?xml version="1.0" encoding="UTF-8"?>
<!-- Generated by org.testng.reporters.JUnitReportReporter -->
<testsuite hostname="PavithraDilip" failures="0" tests="1" name="com_taskMaster_supervisorTest.VerifySupervisorLoginTest" time="48.323" errors="0" timestamp="2025-04-15T18:05:49 IST" skipped="0">
  <testcase classname="com_taskMaster_supervisorTest.VerifySupervisorLoginTest" name="adminLoginTest" time="48.323"/>
</testsuite> <!-- com_taskMaster_supervisorTest.VerifySupervisorLoginTest -->
