<?xml version="1.0" encoding="UTF-8"?>
<!-- Generated by org.testng.reporters.JUnitReportReporter -->
<testsuite hostname="TYSS-Dilip-Chakkarabani" failures="0" tests="1" name="com_taskMaster_TaskBuddy.TaskBuddyLoginTest" time="32.086" errors="0" timestamp="2025-04-22T22:28:17 IST" skipped="0">
  <testcase classname="com_taskMaster_TaskBuddy.TaskBuddyLoginTest" name="verifyTaskBuddyLoginTest" time="32.086"/>
</testsuite> <!-- com_taskMaster_TaskBuddy.TaskBuddyLoginTest -->
