<?xml version="1.0" encoding="UTF-8"?>
<!-- Generated by org.testng.reporters.JUnitReportReporter -->
<testsuite hostname="TYSS-Dilip-Chakkarabani" failures="0" tests="1" name="com_taskMaster_supervisorTest.VerifySupervisorLoginTest" time="36.663" errors="0" timestamp="2025-04-15T21:52:38 IST" skipped="0">
  <testcase classname="com_taskMaster_supervisorTest.VerifySupervisorLoginTest" name="adminLoginTest" time="36.663"/>
</testsuite> <!-- com_taskMaster_supervisorTest.VerifySupervisorLoginTest -->
