<?xml version="1.0" encoding="UTF-8"?>
<!-- Generated by org.testng.reporters.JUnitReportReporter -->
<testsuite hostname="PavithraDilip" failures="0" tests="1" name="com_taskMaster_supervisorTest.VerifySupervisorLoginTest" time="37.597" errors="0" timestamp="2025-04-14T23:22:42 IST" skipped="0">
  <testcase classname="com_taskMaster_supervisorTest.VerifySupervisorLoginTest" name="adminLoginTest" time="37.597"/>
</testsuite> <!-- com_taskMaster_supervisorTest.VerifySupervisorLoginTest -->
