<?xml version="1.0" encoding="UTF-8"?>
<!-- Generated by org.testng.reporters.JUnitReportReporter -->
<testsuite hostname="TYSS-Dilip-Chakkarabani" failures="0" tests="1" name="com_taskMaster_adminTest.AdminLoginTest" time="35.830" errors="1" timestamp="2025-04-28T13:45:47 IST" skipped="0">
  <testcase classname="com_taskMaster_adminTest.AdminLoginTest" name="verifyAdminLoginTest" time="35.830">
    <error message="An unknown server-side error occurred while processing the command. Original error: Could not proxy command to the remote server. Original error: socket hang up
Build info: version: &#039;4.13.0&#039;, revision: &#039;ba948ece5b*&#039;
System info: os.name: &#039;Windows 10&#039;, os.arch: &#039;amd64&#039;, os.version: &#039;10.0&#039;, java.version: &#039;23.0.2&#039;
Driver info: io.appium.java_client.android.AndroidDriver
Command: [2b3feddf-e353-40f7-9f64-aa486b672393, clickElement {id=00000000-0000-064e-0000-002900000003}]
Capabilities {appium:app: C:\Users\User\Downloads\Tas..., appium:appActivity: com.woloo.smarthygiene.Main..., appium:appPackage: com.woloo.smarthygiene, appium:autoGrantPermission: true, appium:automationName: UiAutomator2, appium:databaseEnabled: false, appium:desired: {app: C:\Users\User\Downloads\Tas..., appActivity: com.woloo.smarthygiene.Main..., appPackage: com.woloo.smarthygiene, autoGrantPermission: true, automationName: UiAutomator2, deviceName: Galaxy A13, ignoreHiddenApiPolicyError: true, noReset: true, platformName: ANDROID}, appium:deviceApiLevel: 34, appium:deviceManufacturer: samsung, appium:deviceModel: SM-A135F, appium:deviceName: adb-RZ8TA0PDHLX-VFXwvK._adb..., appium:deviceScreenDensity: 450, appium:deviceScreenSize: 1080x2408, appium:deviceUDID: adb-RZ8TA0PDHLX-VFXwvK._adb..., appium:ignoreHiddenApiPolicyError: true, appium:javascriptEnabled: true, appium:locationContextEnabled: false, appium:networkConnectionEnabled: true, appium:noReset: true, appium:pixelRatio: 2.8125, appium:platformVersion: 14, appium:statBarHeight: 70, appium:takesScreenshot: true, appium:viewportRect: {height: 2338, left: 0, top: 70, width: 1080}, appium:warnings: {}, appium:webStorageEnabled: false, platformName: ANDROID}
Element: [[AndroidDriver:  on ANDROID (2b3feddf-e353-40f7-9f64-aa486b672393)] -&gt; xpath: //android.widget.ImageView[contains(@content-desc, &#039;Profile&#039;)]]
Session ID: 2b3feddf-e353-40f7-9f64-aa486b672393" type="org.openqa.selenium.WebDriverException">
      <![CDATA[org.openqa.selenium.WebDriverException: An unknown server-side error occurred while processing the command. Original error: Could not proxy command to the remote server. Original error: socket hang up
Build info: version: '4.13.0', revision: 'ba948ece5b*'
System info: os.name: 'Windows 10', os.arch: 'amd64', os.version: '10.0', java.version: '23.0.2'
Driver info: io.appium.java_client.android.AndroidDriver
Command: [2b3feddf-e353-40f7-9f64-aa486b672393, clickElement {id=00000000-0000-064e-0000-002900000003}]
Capabilities {appium:app: C:\Users\User\Downloads\Tas..., appium:appActivity: com.woloo.smarthygiene.Main..., appium:appPackage: com.woloo.smarthygiene, appium:autoGrantPermission: true, appium:automationName: UiAutomator2, appium:databaseEnabled: false, appium:desired: {app: C:\Users\User\Downloads\Tas..., appActivity: com.woloo.smarthygiene.Main..., appPackage: com.woloo.smarthygiene, autoGrantPermission: true, automationName: UiAutomator2, deviceName: Galaxy A13, ignoreHiddenApiPolicyError: true, noReset: true, platformName: ANDROID}, appium:deviceApiLevel: 34, appium:deviceManufacturer: samsung, appium:deviceModel: SM-A135F, appium:deviceName: adb-RZ8TA0PDHLX-VFXwvK._adb..., appium:deviceScreenDensity: 450, appium:deviceScreenSize: 1080x2408, appium:deviceUDID: adb-RZ8TA0PDHLX-VFXwvK._adb..., appium:ignoreHiddenApiPolicyError: true, appium:javascriptEnabled: true, appium:locationContextEnabled: false, appium:networkConnectionEnabled: true, appium:noReset: true, appium:pixelRatio: 2.8125, appium:platformVersion: 14, appium:statBarHeight: 70, appium:takesScreenshot: true, appium:viewportRect: {height: 2338, left: 0, top: 70, width: 1080}, appium:warnings: {}, appium:webStorageEnabled: false, platformName: ANDROID}
Element: [[AndroidDriver:  on ANDROID (2b3feddf-e353-40f7-9f64-aa486b672393)] -> xpath: //android.widget.ImageView[contains(@content-desc, 'Profile')]]
Session ID: 2b3feddf-e353-40f7-9f64-aa486b672393
at java.base/jdk.internal.reflect.DirectConstructorHandleAccessor.newInstance(DirectConstructorHandleAccessor.java:62)
at java.base/java.lang.reflect.Constructor.newInstanceWithCaller(Constructor.java:501)
at java.base/java.lang.reflect.Constructor.newInstance(Constructor.java:485)
at org.openqa.selenium.remote.codec.w3c.W3CHttpResponseCodec.createException(W3CHttpResponseCodec.java:200)
at org.openqa.selenium.remote.codec.w3c.W3CHttpResponseCodec.decode(W3CHttpResponseCodec.java:133)
at org.openqa.selenium.remote.codec.w3c.W3CHttpResponseCodec.decode(W3CHttpResponseCodec.java:52)
at org.openqa.selenium.remote.HttpCommandExecutor.execute(HttpCommandExecutor.java:191)
at io.appium.java_client.remote.AppiumCommandExecutor.execute(AppiumCommandExecutor.java:250)
at org.openqa.selenium.remote.RemoteWebDriver.execute(RemoteWebDriver.java:602)
at org.openqa.selenium.remote.RemoteWebElement.execute(RemoteWebElement.java:224)
at org.openqa.selenium.remote.RemoteWebElement.click(RemoteWebElement.java:77)
at com_taskMaster_adminTest.AdminLoginTest.verifyAdminLoginTest(AdminLoginTest.java:59)
at java.base/jdk.internal.reflect.DirectMethodHandleAccessor.invoke(DirectMethodHandleAccessor.java:103)
at java.base/java.lang.reflect.Method.invoke(Method.java:580)
at org.testng.internal.invokers.MethodInvocationHelper.invokeMethod(MethodInvocationHelper.java:139)
at org.testng.internal.invokers.TestInvoker.invokeMethod(TestInvoker.java:664)
at org.testng.internal.invokers.TestInvoker.invokeTestMethod(TestInvoker.java:227)
at org.testng.internal.invokers.MethodRunner.runInSequence(MethodRunner.java:50)
at org.testng.internal.invokers.TestInvoker$MethodInvocationAgent.invoke(TestInvoker.java:957)
at org.testng.internal.invokers.TestInvoker.invokeTestMethods(TestInvoker.java:200)
at org.testng.internal.invokers.TestMethodWorker.invokeTestMethods(TestMethodWorker.java:148)
at org.testng.internal.invokers.TestMethodWorker.run(TestMethodWorker.java:128)
at java.base/java.util.ArrayList.forEach(ArrayList.java:1597)
at org.testng.TestRunner.privateRun(TestRunner.java:848)
at org.testng.TestRunner.run(TestRunner.java:621)
at org.testng.SuiteRunner.runTest(SuiteRunner.java:443)
at org.testng.SuiteRunner.runSequentially(SuiteRunner.java:437)
at org.testng.SuiteRunner.privateRun(SuiteRunner.java:397)
at org.testng.SuiteRunner.run(SuiteRunner.java:336)
at org.testng.SuiteRunnerWorker.runSuite(SuiteRunnerWorker.java:52)
at org.testng.SuiteRunnerWorker.run(SuiteRunnerWorker.java:95)
at org.testng.TestNG.runSuitesSequentially(TestNG.java:1280)
at org.testng.TestNG.runSuitesLocally(TestNG.java:1200)
at org.testng.TestNG.runSuites(TestNG.java:1114)
at org.testng.TestNG.run(TestNG.java:1082)
at org.testng.remote.AbstractRemoteTestNG.run(AbstractRemoteTestNG.java:115)
at org.testng.remote.RemoteTestNG.initAndRun(RemoteTestNG.java:293)
at org.testng.remote.RemoteTestNG.main(RemoteTestNG.java:91)
]]>
    </error>
  </testcase> <!-- verifyAdminLoginTest -->
</testsuite> <!-- com_taskMaster_adminTest.AdminLoginTest -->
