<?xml version="1.0" encoding="UTF-8"?>
<!-- Generated by org.testng.reporters.JUnitReportReporter -->
<testsuite hostname="PavithraDilip" failures="0" tests="1" name="com_taskMaster_supervisorTest.VerifyInvalidOTPTest" time="14.734" errors="0" timestamp="2025-04-14T23:42:34 IST" skipped="0">
  <testcase classname="com_taskMaster_supervisorTest.VerifyInvalidOTPTest" name="verifyInvalidSupervisorTest" time="14.734"/>
</testsuite> <!-- com_taskMaster_supervisorTest.VerifyInvalidOTPTest -->
