<?xml version="1.0" encoding="UTF-8"?>
<!-- Generated by org.testng.reporters.JUnitReportReporter -->
<testsuite hostname="TYSS-Dilip-Chakkarabani" failures="0" tests="1" name="com_taskMaster_adminTest.NewUserRegisterTest" time="41.017" errors="0" timestamp="2025-04-16T17:23:41 IST" skipped="0">
  <testcase classname="com_taskMaster_adminTest.NewUserRegisterTest" name="verifyAdminLoginTest" time="41.017"/>
</testsuite> <!-- com_taskMaster_adminTest.NewUserRegisterTest -->
