<?xml version="1.0" encoding="UTF-8"?>
<!-- Generated by org.testng.reporters.JUnitReportReporter -->
<testsuite hostname="TYSS-Dilip-Chakkarabani" failures="0" tests="1" name="com_taskMaster_adminTest.AdminLoginTest" time="15.768" errors="0" timestamp="2025-04-16T12:23:27 IST" skipped="0">
  <testcase classname="com_taskMaster_adminTest.AdminLoginTest" name="verifyAdminLoginTest" time="15.768"/>
</testsuite> <!-- com_taskMaster_adminTest.AdminLoginTest -->
