<?xml version="1.0" encoding="UTF-8"?>
<!-- Generated by org.testng.reporters.JUnitReportReporter -->
<testsuite hostname="TYSS-Dilip-Chakkarabani" failures="0" tests="1" name="com_taskMaster_supervisorTest.SupervisorLoginTest" time="40.273" errors="0" timestamp="2025-05-02T22:44:28 IST" skipped="0">
  <testcase classname="com_taskMaster_supervisorTest.SupervisorLoginTest" name="verifySupervisorLoginWithValidOTPTest" time="40.273"/>
</testsuite> <!-- com_taskMaster_supervisorTest.SupervisorLoginTest -->
