<?xml version="1.0" encoding="UTF-8"?>
<!-- Generated by org.testng.reporters.JUnitReportReporter -->
<testsuite hostname="TYSS-Dilip-Chakkarabani" failures="0" tests="1" name="com_taskMaster_supervisorTest.VerifySupervisorLoginTest" time="37.394" errors="0" timestamp="2025-05-02T17:42:30 IST" skipped="0">
  <testcase classname="com_taskMaster_supervisorTest.VerifySupervisorLoginTest" name="adminLoginTest" time="37.394"/>
</testsuite> <!-- com_taskMaster_supervisorTest.VerifySupervisorLoginTest -->
