<?xml version="1.0" encoding="UTF-8"?>
<!-- Generated by org.testng.reporters.JUnitReportReporter -->
<testsuite hostname="PavithraDilip" failures="0" tests="1" name="com_taskMaster_supervisorTest.VerifyClusterFunctionalityTest" time="29.398" errors="0" timestamp="2025-04-15T17:58:13 IST" skipped="0">
  <testcase classname="com_taskMaster_supervisorTest.VerifyClusterFunctionalityTest" name="clusterFunctionalityTest" time="29.398"/>
</testsuite> <!-- com_taskMaster_supervisorTest.VerifyClusterFunctionalityTest -->
