<?xml version="1.0" encoding="UTF-8"?>
<!-- Generated by org.testng.reporters.JUnitReportReporter -->
<testsuite hostname="TYSS-Dilip-Chakkarabani" failures="0" tests="1" name="com_taskMaster_adminTest.NewUserRegisterTest" time="26.082" errors="0" timestamp="2025-05-02T23:30:35 IST" skipped="0">
  <testcase classname="com_taskMaster_adminTest.NewUserRegisterTest" name="emptyFieldValidationOfRegisterationTest" time="26.082"/>
</testsuite> <!-- com_taskMaster_adminTest.NewUserRegisterTest -->
