<?xml version="1.0" encoding="UTF-8"?>
<!-- Generated by org.testng.reporters.JUnitReportReporter -->
<testsuite hostname="TYSS-Dilip-Chakkarabani" failures="0" tests="1" name="com_taskMaster_adminTest.WelcomePageTest" time="14.021" errors="0" timestamp="2025-05-02T15:04:49 IST" skipped="0">
  <testcase classname="com_taskMaster_adminTest.WelcomePageTest" name="verifyTaskBuddyOptionSelectionDropdown" time="14.021"/>
</testsuite> <!-- com_taskMaster_adminTest.WelcomePageTest -->
