<?xml version="1.0" encoding="UTF-8"?>
<!-- Generated by org.testng.reporters.JUnitReportReporter -->
<testsuite hostname="PavithraDilip" failures="0" tests="1" name="com_taskMaster_adminTest.VerifyAdminLoginTest" time="24.663" errors="0" timestamp="2025-04-14T14:30:35 IST" skipped="0">
  <testcase classname="com_taskMaster_adminTest.VerifyAdminLoginTest" name="adminLoginTest" time="24.663"/>
</testsuite> <!-- com_taskMaster_adminTest.VerifyAdminLoginTest -->
