<?xml version="1.0" encoding="UTF-8"?>
<!-- Generated by org.testng.reporters.JUnitReportReporter -->
<testsuite hostname="TYSS-Dilip-Chakkarabani" failures="0" tests="1" name="com_taskMaster_adminTest.AdminLoginTest" time="13.847" errors="0" timestamp="2025-05-02T17:10:35 IST" skipped="0">
  <testcase classname="com_taskMaster_adminTest.AdminLoginTest" name="verifyAdminLoginWithEmptyFieldTest" time="13.847"/>
</testsuite> <!-- com_taskMaster_adminTest.AdminLoginTest -->
