<?xml version="1.0" encoding="UTF-8"?>
<!-- Generated by org.testng.reporters.JUnitReportReporter -->
<testsuite hostname="TYSS-Dilip-Chakkarabani" failures="0" tests="1" name="com_taskMaster_TaskBuddy.TaskBuddyLoginTest" time="118.079" errors="0" timestamp="2025-05-02T22:36:14 IST" skipped="0">
  <testcase classname="com_taskMaster_TaskBuddy.TaskBuddyLoginTest" name="verifyTaskBuddyLoginTest" time="118.079"/>
</testsuite> <!-- com_taskMaster_TaskBuddy.TaskBuddyLoginTest -->
