<?xml version="1.0" encoding="UTF-8"?>
<!-- Generated by org.testng.reporters.JUnitReportReporter -->
<testsuite hostname="TYSS-Dilip-Chakkarabani" failures="0" tests="1" name="com_taskMaster_supervisorTest.VerifyClusterFunctionalityTest" time="53.399" errors="0" timestamp="2025-04-16T09:22:11 IST" skipped="0">
  <testcase classname="com_taskMaster_supervisorTest.VerifyClusterFunctionalityTest" name="searchWithValidJanitorsTest" time="53.399"/>
</testsuite> <!-- com_taskMaster_supervisorTest.VerifyClusterFunctionalityTest -->
